<?xml version="1.0" encoding="UTF-8"?>
<!-- Generated by org.testng.reporters.JUnitReportReporter -->
<testsuite hostname="DESKTOP-PPJFR82" failures="0" tests="1" name="com.vtiger.crudpractice.CreateProjectWithPojoTest" time="3.491" errors="0" timestamp="2021-09-27T14:35:57 IST" skipped="0">
  <testcase classname="com.vtiger.crudpractice.CreateProjectWithPojoTest" name="createProjectWithPojoTest" time="3.491"/>
  <system-out/>
</testsuite> <!-- com.vtiger.crudpractice.CreateProjectWithPojoTest -->
