<?xml version="1.0" encoding="UTF-8"?>
<!-- Generated by org.testng.reporters.JUnitReportReporter -->
<testsuite hostname="DESKTOP-PPJFR82" failures="0" tests="1" name="com.vtiger.crudpractice.CreateProjectTest" time="1.813" errors="0" timestamp="2021-09-29T15:17:34 IST" skipped="0">
  <testcase classname="com.vtiger.crudpractice.CreateProjectTest" name="createProjectApiTest" time="1.813"/>
  <system-out/>
</testsuite> <!-- com.vtiger.crudpractice.CreateProjectTest -->
