<?xml version="1.0" encoding="UTF-8"?>
<!-- Generated by org.testng.reporters.JUnitReportReporter -->
<testsuite hostname="DESKTOP-PPJFR82" failures="0" tests="1" name="com.vtiger.parametersauthentication.FormParam" time="2.812" errors="0" timestamp="2021-10-01T13:07:37 IST" skipped="0">
  <testcase classname="com.vtiger.parametersauthentication.FormParam" name="formParam" time="2.812"/>
  <system-out/>
</testsuite> <!-- com.vtiger.parametersauthentication.FormParam -->
