<?xml version="1.0" encoding="UTF-8"?>
<!-- Generated by org.testng.reporters.JUnitReportReporter -->
<testsuite hostname="DESKTOP-PPJFR82" failures="0" tests="1" name="com.vtiger.crudpractice.GetAllProjectsTest" time="6.100" errors="0" timestamp="2021-09-27T13:08:50 IST" skipped="0">
  <testcase classname="com.vtiger.crudpractice.GetAllProjectsTest" name="getAllProjectsTest" time="6.100"/>
  <system-out/>
</testsuite> <!-- com.vtiger.crudpractice.GetAllProjectsTest -->
