<?xml version="1.0" encoding="UTF-8"?>
<!-- Generated by org.testng.reporters.JUnitReportReporter -->
<testsuite hostname="DESKTOP-PPJFR82" failures="0" tests="1" name="com.vtiger.parametersauthentication.PathParameterTest" time="2.061" errors="0" timestamp="2021-09-27T18:14:04 IST" skipped="0">
  <testcase classname="com.vtiger.parametersauthentication.PathParameterTest" name="pathParameterTest" time="2.061"/>
  <system-out/>
</testsuite> <!-- com.vtiger.parametersauthentication.PathParameterTest -->
