<?xml version="1.0" encoding="UTF-8"?>
<!-- Generated by org.testng.reporters.JUnitReportReporter -->
<testsuite hostname="DESKTOP-PPJFR82" failures="0" tests="1" name="com.vtiger.parametersauthentication.QueryParameterTest" time="2.547" errors="0" timestamp="2021-09-27T18:17:55 IST" skipped="0">
  <testcase classname="com.vtiger.parametersauthentication.QueryParameterTest" name="queryParameterTest" time="2.547"/>
  <system-out/>
</testsuite> <!-- com.vtiger.parametersauthentication.QueryParameterTest -->
