<?xml version="1.0" encoding="UTF-8"?>
<!-- Generated by org.testng.reporters.JUnitReportReporter -->
<testsuite hostname="DESKTOP-PPJFR82" failures="0" tests="1" name="com.vtiger.parametersauthentication.RequestChainingTest" time="3.655" errors="0" timestamp="2021-09-27T18:28:00 IST" skipped="0">
  <testcase classname="com.vtiger.parametersauthentication.RequestChainingTest" name="requestChainingTest" time="3.655"/>
  <system-out/>
</testsuite> <!-- com.vtiger.parametersauthentication.RequestChainingTest -->
