<?xml version="1.0" encoding="UTF-8"?>
<!-- Generated by org.testng.reporters.JUnitReportReporter -->
<testsuite hostname="DESKTOP-PPJFR82" failures="0" tests="1" name="com.vtiger.parametersauthentication.OauthAuthentication" time="3.708" errors="0" timestamp="2021-09-28T11:57:47 IST" skipped="0">
  <testcase classname="com.vtiger.parametersauthentication.OauthAuthentication" name="oauthAuthentication" time="3.708"/>
  <system-out/>
</testsuite> <!-- com.vtiger.parametersauthentication.OauthAuthentication -->
