<?xml version="1.0" encoding="UTF-8"?>
<!-- Generated by org.testng.reporters.JUnitReportReporter -->
<testsuite hostname="DESKTOP-PPJFR82" failures="0" tests="1" name="com.vtiger.apitestcases.CreateProjectTest" time="3.543" errors="0" timestamp="2021-09-28T11:55:56 IST" skipped="0">
  <testcase classname="com.vtiger.apitestcases.CreateProjectTest" name="addSingleProjectWithCreated" time="3.543"/>
  <system-out/>
</testsuite> <!-- com.vtiger.apitestcases.CreateProjectTest -->
