<?xml version="1.0" encoding="UTF-8"?>
<!-- Generated by org.testng.reporters.JUnitReportReporter -->
<testsuite hostname="DESKTOP-PPJFR82" failures="0" tests="1" name="com.vtiger.crudpractice.UpdateProjectTest" time="2.572" errors="0" timestamp="2021-10-05T21:54:05 IST" skipped="0">
  <testcase classname="com.vtiger.crudpractice.UpdateProjectTest" name="updateProjectTest" time="2.572"/>
  <system-out/>
</testsuite> <!-- com.vtiger.crudpractice.UpdateProjectTest -->
