<?xml version="1.0" encoding="UTF-8"?>
<!-- Generated by org.testng.reporters.JUnitReportReporter -->
<testsuite hostname="DESKTOP-PPJFR82" failures="0" tests="1" name="com.vtiger.complexresponsevalidation.ValidateStaticResponseTest" time="7.613" errors="0" timestamp="2021-09-27T16:01:57 IST" skipped="0">
  <testcase classname="com.vtiger.complexresponsevalidation.ValidateStaticResponseTest" name="validateStaticResponseTest" time="7.613"/>
  <system-out/>
</testsuite> <!-- com.vtiger.complexresponsevalidation.ValidateStaticResponseTest -->
