<?xml version="1.0" encoding="UTF-8"?>
<!-- Generated by org.testng.reporters.JUnitReportReporter -->
<testsuite hostname="DESKTOP-PPJFR82" failures="0" tests="1" name="com.vtiger.crudpractice.CreateProjectWithJsonFileTest" time="2.527" errors="0" timestamp="2021-09-27T14:14:27 IST" skipped="0">
  <testcase classname="com.vtiger.crudpractice.CreateProjectWithJsonFileTest" name="createProjectWithJsonFileTest" time="2.527"/>
  <system-out/>
</testsuite> <!-- com.vtiger.crudpractice.CreateProjectWithJsonFileTest -->
