<?xml version="1.0" encoding="UTF-8"?>
<!-- Generated by org.testng.reporters.JUnitReportReporter -->
<testsuite hostname="DESKTOP-PPJFR82" failures="0" tests="1" name="com.vtiger.parametersauthentication.BasicAuth" time="2.336" errors="0" timestamp="2021-09-28T11:45:02 IST" skipped="0">
  <testcase classname="com.vtiger.parametersauthentication.BasicAuth" name="basicAuth" time="2.336"/>
  <system-out/>
</testsuite> <!-- com.vtiger.parametersauthentication.BasicAuth -->
