<?xml version="1.0" encoding="UTF-8"?>
<!-- Generated by org.testng.reporters.JUnitReportReporter -->
<testsuite hostname="DESKTOP-PPJFR82" failures="0" tests="1" name="com.vtiger.complexresponsevalidation.ValidateDynamicResponseTest" time="2.715" errors="0" timestamp="2021-09-30T17:15:37 IST" skipped="0">
  <testcase classname="com.vtiger.complexresponsevalidation.ValidateDynamicResponseTest" name="validateDynamicResponseTest" time="2.715"/>
  <system-out/>
</testsuite> <!-- com.vtiger.complexresponsevalidation.ValidateDynamicResponseTest -->
